<?xml version="1.0" encoding="UTF-8" ?>
<testsuite failures="0" time="0.023" errors="0" skipped="0" tests="2" name="net.sf.jsptest.utils.IOTest">
  <properties>
    <property name="java.runtime.name" value="Java(TM) SE Runtime Environment"/>
    <property name="sun.boot.library.path" value="C:\Program Files (x86)\Java\jdk1.6.0_21\jre\bin"/>
    <property name="java.vm.version" value="17.0-b17"/>
    <property name="java.vm.vendor" value="Sun Microsystems Inc."/>
    <property name="java.vendor.url" value="http://java.sun.com/"/>
    <property name="path.separator" value=";"/>
    <property name="java.vm.name" value="Java HotSpot(TM) Client VM"/>
    <property name="file.encoding.pkg" value="sun.io"/>
    <property name="user.country" value="SG"/>
    <property name="sun.java.launcher" value="SUN_STANDARD"/>
    <property name="sun.os.patch.level" value=""/>
    <property name="java.vm.specification.name" value="Java Virtual Machine Specification"/>
    <property name="user.dir" value="C:\Users\masotime\Documents\workspace-sts\jsptest-fork"/>
    <property name="java.runtime.version" value="1.6.0_21-b07"/>
    <property name="java.awt.graphicsenv" value="sun.awt.Win32GraphicsEnvironment"/>
    <property name="basedir" value="C:\Users\masotime\Documents\workspace-sts\jsptest-fork"/>
    <property name="java.endorsed.dirs" value="C:\Program Files (x86)\Java\jdk1.6.0_21\jre\lib\endorsed"/>
    <property name="os.arch" value="x86"/>
    <property name="surefire.real.class.path" value="C:\Users\masotime\AppData\Local\Temp\surefirebooter656052859087336306.jar"/>
    <property name="java.io.tmpdir" value="C:\Users\masotime\AppData\Local\Temp\"/>
    <property name="line.separator" value="
"/>
    <property name="java.vm.specification.vendor" value="Sun Microsystems Inc."/>
    <property name="user.variant" value=""/>
    <property name="NO_SUCH_FILE" value="no/such/file.txt"/>
    <property name="os.name" value="Windows 7"/>
    <property name="sun.jnu.encoding" value="Cp1252"/>
    <property name="java.library.path" value="C:\Program Files (x86)\Java\jdk1.6.0_21\jre\bin;.;C:\Windows\Sun\Java\bin;C:\Windows\system32;C:\Windows;C:\Program Files\Common Files\Microsoft Shared\Windows Live;C:\Program Files (x86)\Common Files\Microsoft Shared\Windows Live;C:\oraclexe\app\oracle\product\10.2.0\server\bin;C:\Windows\system32;C:\Windows;C:\Windows\System32\Wbem;C:\Windows\System32\WindowsPowerShell\v1.0\;C:\Program Files\MySQL\MySQL Server 5.1\bin;C:\Program Files (x86)\Windows Live\Shared;C:\Program Files (x86)\QuickTime\QTSystem\;C:\Program Files\Common Files\Microsoft Shared\Windows Live;C:\Program Files (x86)\Common Files\Microsoft Shared\Windows Live;C:\oraclexe\app\oracle\product\10.2.0\server\bin;C:\Windows\system32;C:\Windows;C:\Windows\System32\Wbem;C:\Windows\System32\WindowsPowerShell\v1.0\;C:\Program Files\MySQL\MySQL Server 5.1\bin;C:\Program Files (x86)\Windows Live\Shared;C:\Program Files (x86)\QuickTime\QTSystem\;C:\Program Files (x86)\Java\jdk1.6.0_21\bin;C:\Program Files (x86)\Nmap;C:\apache-maven-3.0.3\bin"/>
    <property name="surefire.test.class.path" value="C:\Users\masotime\Documents\workspace-sts\jsptest-fork\target\test-classes;C:\Users\masotime\Documents\workspace-sts\jsptest-fork\target\classes;C:\Users\masotime\.m2\repository\jtidy\jtidy\4aug2000r7-dev\jtidy-4aug2000r7-dev.jar;C:\Users\masotime\.m2\repository\junit\junit\3.8.2\junit-3.8.2.jar;C:\Users\masotime\.m2\repository\log4j\log4j\1.2.13\log4j-1.2.13.jar;C:\Users\masotime\.m2\repository\javax\servlet\jstl\1.1.2\jstl-1.1.2.jar;C:\Users\masotime\.m2\repository\taglibs\standard\1.1.2\standard-1.1.2.jar;C:\Users\masotime\.m2\repository\tomcat\jasper-compiler\5.5.15\jasper-compiler-5.5.15.jar;C:\Users\masotime\.m2\repository\javax\servlet\jsp-api\2.0\jsp-api-2.0.jar;C:\Users\masotime\.m2\repository\javax\servlet\servlet-api\2.4\servlet-api-2.4.jar;C:\Users\masotime\.m2\repository\ant\ant\1.6.5\ant-1.6.5.jar;C:\Users\masotime\.m2\repository\tomcat\jasper-runtime\5.5.15\jasper-runtime-5.5.15.jar;C:\Users\masotime\.m2\repository\commons-el\commons-el\1.0\commons-el-1.0.jar;C:\Users\masotime\.m2\repository\commons-logging\commons-logging\1.0.3\commons-logging-1.0.3.jar;C:\Users\masotime\.m2\repository\jaxen\jaxen\1.1.1\jaxen-1.1.1.jar;C:\Users\masotime\.m2\repository\dom4j\dom4j\1.6.1\dom4j-1.6.1.jar;C:\Users\masotime\.m2\repository\jdom\jdom\1.0\jdom-1.0.jar;C:\Users\masotime\.m2\repository\xml-apis\xml-apis\1.3.02\xml-apis-1.3.02.jar;C:\Users\masotime\.m2\repository\xerces\xercesImpl\2.6.2\xercesImpl-2.6.2.jar;C:\Users\masotime\.m2\repository\xom\xom\1.0\xom-1.0.jar;C:\Users\masotime\.m2\repository\xerces\xmlParserAPIs\2.6.2\xmlParserAPIs-2.6.2.jar;C:\Users\masotime\.m2\repository\xalan\xalan\2.6.0\xalan-2.6.0.jar;C:\Users\masotime\.m2\repository\com\ibm\icu\icu4j\2.6.1\icu4j-2.6.1.jar;"/>
    <property name="java.specification.name" value="Java Platform API Specification"/>
    <property name="java.class.version" value="50.0"/>
    <property name="sun.management.compiler" value="HotSpot Client Compiler"/>
    <property name="os.version" value="6.1"/>
    <property name="user.home" value="C:\Users\masotime"/>
    <property name="user.timezone" value="Asia/Singapore"/>
    <property name="java.awt.printerjob" value="sun.awt.windows.WPrinterJob"/>
    <property name="java.specification.version" value="1.6"/>
    <property name="file.encoding" value="Cp1252"/>
    <property name="user.name" value="masotime"/>
    <property name="java.class.path" value="C:\Users\masotime\Documents\workspace-sts\jsptest-fork\target\test-classes;C:\Users\masotime\Documents\workspace-sts\jsptest-fork\target\classes;C:\Users\masotime\.m2\repository\jtidy\jtidy\4aug2000r7-dev\jtidy-4aug2000r7-dev.jar;C:\Users\masotime\.m2\repository\junit\junit\3.8.2\junit-3.8.2.jar;C:\Users\masotime\.m2\repository\log4j\log4j\1.2.13\log4j-1.2.13.jar;C:\Users\masotime\.m2\repository\javax\servlet\jstl\1.1.2\jstl-1.1.2.jar;C:\Users\masotime\.m2\repository\taglibs\standard\1.1.2\standard-1.1.2.jar;C:\Users\masotime\.m2\repository\tomcat\jasper-compiler\5.5.15\jasper-compiler-5.5.15.jar;C:\Users\masotime\.m2\repository\javax\servlet\jsp-api\2.0\jsp-api-2.0.jar;C:\Users\masotime\.m2\repository\javax\servlet\servlet-api\2.4\servlet-api-2.4.jar;C:\Users\masotime\.m2\repository\ant\ant\1.6.5\ant-1.6.5.jar;C:\Users\masotime\.m2\repository\tomcat\jasper-runtime\5.5.15\jasper-runtime-5.5.15.jar;C:\Users\masotime\.m2\repository\commons-el\commons-el\1.0\commons-el-1.0.jar;C:\Users\masotime\.m2\repository\commons-logging\commons-logging\1.0.3\commons-logging-1.0.3.jar;C:\Users\masotime\.m2\repository\jaxen\jaxen\1.1.1\jaxen-1.1.1.jar;C:\Users\masotime\.m2\repository\dom4j\dom4j\1.6.1\dom4j-1.6.1.jar;C:\Users\masotime\.m2\repository\jdom\jdom\1.0\jdom-1.0.jar;C:\Users\masotime\.m2\repository\xml-apis\xml-apis\1.3.02\xml-apis-1.3.02.jar;C:\Users\masotime\.m2\repository\xerces\xercesImpl\2.6.2\xercesImpl-2.6.2.jar;C:\Users\masotime\.m2\repository\xom\xom\1.0\xom-1.0.jar;C:\Users\masotime\.m2\repository\xerces\xmlParserAPIs\2.6.2\xmlParserAPIs-2.6.2.jar;C:\Users\masotime\.m2\repository\xalan\xalan\2.6.0\xalan-2.6.0.jar;C:\Users\masotime\.m2\repository\com\ibm\icu\icu4j\2.6.1\icu4j-2.6.1.jar;"/>
    <property name="java.vm.specification.version" value="1.0"/>
    <property name="sun.arch.data.model" value="32"/>
    <property name="java.home" value="C:\Program Files (x86)\Java\jdk1.6.0_21\jre"/>
    <property name="java.specification.vendor" value="Sun Microsystems Inc."/>
    <property name="user.language" value="en"/>
    <property name="awt.toolkit" value="sun.awt.windows.WToolkit"/>
    <property name="java.vm.info" value="mixed mode, sharing"/>
    <property name="java.version" value="1.6.0_21"/>
    <property name="java.ext.dirs" value="C:\Program Files (x86)\Java\jdk1.6.0_21\jre\lib\ext;C:\Windows\Sun\Java\lib\ext"/>
    <property name="sun.boot.class.path" value="C:\Program Files (x86)\Java\jdk1.6.0_21\jre\lib\resources.jar;C:\Program Files (x86)\Java\jdk1.6.0_21\jre\lib\rt.jar;C:\Program Files (x86)\Java\jdk1.6.0_21\jre\lib\sunrsasign.jar;C:\Program Files (x86)\Java\jdk1.6.0_21\jre\lib\jsse.jar;C:\Program Files (x86)\Java\jdk1.6.0_21\jre\lib\jce.jar;C:\Program Files (x86)\Java\jdk1.6.0_21\jre\lib\charsets.jar;C:\Program Files (x86)\Java\jdk1.6.0_21\jre\classes"/>
    <property name="java.vendor" value="Sun Microsystems Inc."/>
    <property name="localRepository" value="C:\Users\masotime\.m2\repository"/>
    <property name="file.separator" value="\"/>
    <property name="java.vendor.url.bug" value="http://java.sun.com/cgi-bin/bugreport.cgi"/>
    <property name="sun.cpu.endian" value="little"/>
    <property name="sun.io.unicode.encoding" value="UnicodeLittle"/>
    <property name="EXISTING_FILE" value="src/test/resources/PathTest.res"/>
    <property name="sun.desktop" value="windows"/>
    <property name="sun.cpu.isalist" value="pentium_pro+mmx pentium_pro pentium+mmx pentium i486 i386 i86"/>
  </properties>
  <testcase time="0.012" classname="net.sf.jsptest.utils.IOTest" name="testReadAndWriteToFile"/>
  <testcase time="0.01" classname="net.sf.jsptest.utils.IOTest" name="testAppendingToFile"/>
</testsuite>